INFO:root:('Training by SVM classification ... ', '2020-08-16 14:11:44.441199')
INFO:root:
Model: LinearSVC
C = 10
Penalty='l2'
Max_iter = 10
INFO:root:('Accurancy: ', 0.9930444087747459)
INFO:root:('Training by SVM Done! ', '2020-08-16 14:11:48.919211')
INFO:root:('Training by SVM classification ... ', '2020-08-16 14:13:42.664117')
INFO:root:
Model: LinearSVC
C = 10
Penalty='l2'
Max_iter = 10
INFO:root:('Accurancy: ', 0.9930444087747459)
INFO:root:('Training by SVM Done! ', '2020-08-16 14:13:55.072924')
INFO:root:('Training by SVM classification ... ', '2020-08-16 14:15:09.420318')
INFO:root:
Model: LinearSVC
C = 10
Penalty='l2'
Max_iter = 10
INFO:root:('Accurancy: ', 0.9930444087747459)
INFO:root:('Training by SVM Done! ', '2020-08-16 14:15:13.297524')
INFO:root:('Training by SVM classification ... ', '2020-08-16 14:17:36.745516')
INFO:root:
Model: LinearSVC
C = 10
Penalty='l2'
Max_iter = 10
INFO:root:('Accurancy: ', 0.9930444087747459)
INFO:root:('Training by SVM Done! ', '2020-08-16 14:17:45.027565')
INFO:root:('Training by SVM classification ... ', '2020-08-16 14:18:21.591078')
INFO:root:
Model: LinearSVC
C = 10
Penalty='l2'
Max_iter = 10
INFO:root:('Accurancy: ', 0.9930444087747459)
INFO:root:('Training by SVM Done! ', '2020-08-16 14:18:36.651219')
